<tests><!--Auto Generated in TestLog.py--><allTestsStart allTestsStart="01 February 2019 15:54:55" ipAddress="10.16.15.113" runNumber="55" /><testScreen testScreen="login" /><testScreen testScreen="Alarms"><error msg="-" /></testScreen><errorCount errorCount="0" /><totalTestCount totalTestCount="2" /></tests>